<?xml version="1.0" encoding="UTF-8"?>
<coverage generated="1632330873854" clover="3.2.0">
  <project timestamp="1632330873854" name="All files">
    <metrics statements="82" coveredstatements="82" conditionals="30" coveredconditionals="30" methods="21" coveredmethods="21" elements="133" coveredelements="133" complexity="0" loc="82" ncloc="82" packages="1" files="5" classes="5"/>
    <file name="App.tsx" path="/Users/psd/Documents/HWConverter/App.tsx">
      <metrics statements="27" coveredstatements="27" conditionals="14" coveredconditionals="14" methods="12" coveredmethods="12"/>
      <line num="5" count="1" type="stmt"/>
      <line num="6" count="1" type="stmt"/>
      <line num="7" count="1" type="stmt"/>
      <line num="16" count="1" type="stmt"/>
      <line num="17" count="1" type="stmt"/>
      <line num="18" count="1" type="stmt"/>
      <line num="20" count="1" type="stmt"/>
      <line num="22" count="1" type="stmt"/>
      <line num="23" count="28" type="stmt"/>
      <line num="24" count="28" type="stmt"/>
      <line num="26" count="28" type="stmt"/>
      <line num="28" count="10" type="stmt"/>
      <line num="29" count="10" type="cond" truecount="2" falsecount="0"/>
      <line num="30" count="1" type="stmt"/>
      <line num="34" count="10" type="stmt"/>
      <line num="37" count="28" type="stmt"/>
      <line num="46" count="3" type="stmt"/>
      <line num="63" count="6" type="stmt"/>
      <line num="90" count="2" type="stmt"/>
      <line num="100" count="1" type="stmt"/>
      <line num="112" count="1" type="stmt"/>
      <line num="127" count="2" type="stmt"/>
      <line num="138" count="1" type="stmt"/>
      <line num="151" count="2" type="stmt"/>
      <line num="157" count="1" type="stmt"/>
      <line num="158" count="1" type="stmt"/>
      <line num="168" count="1" type="stmt"/>
    </file>
    <file name="Measurement.tsx" path="/Users/psd/Documents/HWConverter/Measurement.tsx">
      <metrics statements="5" coveredstatements="5" conditionals="2" coveredconditionals="2" methods="1" coveredmethods="1"/>
      <line num="1" count="1" type="stmt"/>
      <line num="2" count="1" type="stmt"/>
      <line num="11" count="1" type="stmt"/>
      <line num="12" count="76" type="stmt"/>
      <line num="27" count="1" type="stmt"/>
    </file>
    <file name="Reducer.ts" path="/Users/psd/Documents/HWConverter/Reducer.ts">
      <metrics statements="23" coveredstatements="23" conditionals="8" coveredconditionals="8" methods="1" coveredmethods="1"/>
      <line num="1" count="1" type="stmt"/>
      <line num="2" count="1" type="stmt"/>
      <line num="4" count="1" type="stmt"/>
      <line num="13" count="1" type="stmt"/>
      <line num="14" count="18" type="stmt"/>
      <line num="16" count="1" type="stmt"/>
      <line num="18" count="1" type="stmt"/>
      <line num="20" count="9" type="stmt"/>
      <line num="25" count="1" type="stmt"/>
      <line num="26" count="1" type="stmt"/>
      <line num="27" count="1" type="stmt"/>
      <line num="35" count="2" type="stmt"/>
      <line num="36" count="2" type="stmt"/>
      <line num="37" count="2" type="stmt"/>
      <line num="40" count="2" type="stmt"/>
      <line num="41" count="2" type="stmt"/>
      <line num="42" count="2" type="stmt"/>
      <line num="49" count="1" type="stmt"/>
      <line num="50" count="1" type="stmt"/>
      <line num="51" count="1" type="stmt"/>
      <line num="58" count="1" type="stmt"/>
      <line num="59" count="1" type="stmt"/>
      <line num="60" count="1" type="stmt"/>
    </file>
    <file name="Types.ts" path="/Users/psd/Documents/HWConverter/Types.ts">
      <metrics statements="18" coveredstatements="18" conditionals="6" coveredconditionals="6" methods="3" coveredmethods="3"/>
      <line num="2" count="1" type="cond" truecount="2" falsecount="0"/>
      <line num="3" count="1" type="stmt"/>
      <line num="4" count="1" type="stmt"/>
      <line num="7" count="1" type="cond" truecount="2" falsecount="0"/>
      <line num="9" count="1" type="stmt"/>
      <line num="10" count="1" type="stmt"/>
      <line num="11" count="1" type="stmt"/>
      <line num="13" count="1" type="stmt"/>
      <line num="14" count="1" type="stmt"/>
      <line num="34" count="1" type="cond" truecount="2" falsecount="0"/>
      <line num="35" count="1" type="stmt"/>
      <line num="36" count="1" type="stmt"/>
      <line num="37" count="1" type="stmt"/>
      <line num="38" count="1" type="stmt"/>
      <line num="39" count="1" type="stmt"/>
      <line num="40" count="1" type="stmt"/>
      <line num="41" count="1" type="stmt"/>
      <line num="42" count="1" type="stmt"/>
    </file>
    <file name="calculations.ts" path="/Users/psd/Documents/HWConverter/calculations.ts">
      <metrics statements="9" coveredstatements="9" conditionals="0" coveredconditionals="0" methods="4" coveredmethods="4"/>
      <line num="1" count="1" type="stmt"/>
      <line num="2" count="6" type="stmt"/>
      <line num="5" count="1" type="stmt"/>
      <line num="6" count="2" type="stmt"/>
      <line num="7" count="2" type="stmt"/>
      <line num="10" count="1" type="stmt"/>
      <line num="11" count="3" type="stmt"/>
      <line num="14" count="1" type="stmt"/>
      <line num="15" count="2" type="stmt"/>
    </file>
  </project>
</coverage>
