{"/Users/psd/Documents/HWConverter/App.tsx": {"path":"/Users/psd/Documents/HWConverter/App.tsx","statementMap":{"0":{"start":{"line":5,"column":0},"end":{"line":5,"column":65}},"1":{"start":{"line":6,"column":0},"end":{"line":6,"column":51}},"2":{"start":{"line":7,"column":0},"end":{"line":7,"column":null}},"3":{"start":{"line":16,"column":0},"end":{"line":16,"column":42}},"4":{"start":{"line":17,"column":0},"end":{"line":17,"column":54}},"5":{"start":{"line":18,"column":0},"end":{"line":18,"column":48}},"6":{"start":{"line":20,"column":13},"end":{"line":20,"column":39}},"7":{"start":{"line":23,"column":34},"end":{"line":23,"column":73}},"8":{"start":{"line":24,"column":64},"end":{"line":24,"column":75}},"9":{"start":{"line":26,"column":2},"end":{"line":35,"column":9}},"10":{"start":{"line":28,"column":20},"end":{"line":28,"column":59}},"11":{"start":{"line":29,"column":6},"end":{"line":31,"column":null}},"12":{"start":{"line":30,"column":8},"end":{"line":30,"column":75}},"13":{"start":{"line":34,"column":4},"end":{"line":34,"column":24}},"14":{"start":{"line":37,"column":2},"end":{"line":165,"column":4}},"15":{"start":{"line":46,"column":16},"end":{"line":46,"column":73}},"16":{"start":{"line":63,"column":16},"end":{"line":63,"column":74}},"17":{"start":{"line":90,"column":22},"end":{"line":93,"column":24}},"18":{"start":{"line":100,"column":22},"end":{"line":103,"column":24}},"19":{"start":{"line":112,"column":20},"end":{"line":115,"column":22}},"20":{"start":{"line":127,"column":20},"end":{"line":130,"column":22}},"21":{"start":{"line":138,"column":20},"end":{"line":141,"column":22}},"22":{"start":{"line":151,"column":16},"end":{"line":151,"column":78}},"23":{"start":{"line":157,"column":16},"end":{"line":157,"column":56}},"24":{"start":{"line":158,"column":16},"end":{"line":158,"column":53}},"25":{"start":{"line":22,"column":0},"end":{"line":22,"column":16}},"26":{"start":{"line":168,"column":15},"end":{"line":208,"column":2}}},"fnMap":{"0":{"name":"App","decl":{"start":{"line":22,"column":16},"end":{"line":22,"column":19}},"loc":{"start":{"line":22,"column":19},"end":{"line":166,"column":1}}},"1":{"name":"(anonymous_8)","decl":{"start":{"line":26,"column":12},"end":{"line":26,"column":15}},"loc":{"start":{"line":26,"column":17},"end":{"line":35,"column":3}}},"2":{"name":"getConverterState","decl":{"start":{"line":27,"column":19},"end":{"line":27,"column":36}},"loc":{"start":{"line":27,"column":36},"end":{"line":32,"column":5}}},"3":{"name":"(anonymous_10)","decl":{"start":{"line":45,"column":23},"end":{"line":45,"column":26}},"loc":{"start":{"line":46,"column":16},"end":{"line":46,"column":73}}},"4":{"name":"(anonymous_11)","decl":{"start":{"line":62,"column":23},"end":{"line":62,"column":26}},"loc":{"start":{"line":63,"column":16},"end":{"line":63,"column":74}}},"5":{"name":"(anonymous_12)","decl":{"start":{"line":89,"column":35},"end":{"line":89,"column":38}},"loc":{"start":{"line":90,"column":22},"end":{"line":93,"column":24}}},"6":{"name":"(anonymous_13)","decl":{"start":{"line":99,"column":35},"end":{"line":99,"column":38}},"loc":{"start":{"line":100,"column":22},"end":{"line":103,"column":24}}},"7":{"name":"(anonymous_14)","decl":{"start":{"line":111,"column":33},"end":{"line":111,"column":36}},"loc":{"start":{"line":112,"column":20},"end":{"line":115,"column":22}}},"8":{"name":"(anonymous_15)","decl":{"start":{"line":126,"column":33},"end":{"line":126,"column":36}},"loc":{"start":{"line":127,"column":20},"end":{"line":130,"column":22}}},"9":{"name":"(anonymous_16)","decl":{"start":{"line":137,"column":33},"end":{"line":137,"column":36}},"loc":{"start":{"line":138,"column":20},"end":{"line":141,"column":22}}},"10":{"name":"(anonymous_17)","decl":{"start":{"line":150,"column":23},"end":{"line":150,"column":26}},"loc":{"start":{"line":151,"column":16},"end":{"line":151,"column":78}}},"11":{"name":"(anonymous_18)","decl":{"start":{"line":156,"column":23},"end":{"line":156,"column":26}},"loc":{"start":{"line":156,"column":28},"end":{"line":159,"column":15}}}},"branchMap":{"0":{"loc":{"start":{"line":29,"column":6},"end":{"line":31,"column":null}},"type":"if","locations":[{"start":{"line":29,"column":6},"end":{"line":31,"column":null}},{"start":{"line":29,"column":6},"end":{"line":31,"column":null}}]},"1":{"loc":{"start":{"line":50,"column":47},"end":{"line":50,"column":58}},"type":"cond-expr","locations":[{"start":{"line":50,"column":47},"end":{"line":50,"column":58}},{"start":{"line":50,"column":61},"end":{"line":50,"column":68}}]},"2":{"loc":{"start":{"line":54,"column":43},"end":{"line":54,"column":48}},"type":"cond-expr","locations":[{"start":{"line":54,"column":43},"end":{"line":54,"column":48}},{"start":{"line":54,"column":51},"end":{"line":54,"column":56}}]},"3":{"loc":{"start":{"line":67,"column":48},"end":{"line":67,"column":59}},"type":"cond-expr","locations":[{"start":{"line":67,"column":48},"end":{"line":67,"column":59}},{"start":{"line":67,"column":62},"end":{"line":67,"column":69}}]},"4":{"loc":{"start":{"line":71,"column":44},"end":{"line":71,"column":49}},"type":"cond-expr","locations":[{"start":{"line":71,"column":44},"end":{"line":71,"column":49}},{"start":{"line":71,"column":52},"end":{"line":71,"column":57}}]},"5":{"loc":{"start":{"line":85,"column":16},"end":{"line":105,"column":null}},"type":"cond-expr","locations":[{"start":{"line":85,"column":16},"end":{"line":105,"column":null}},{"start":{"line":108,"column":16},"end":{"line":115,"column":null}}]},"6":{"loc":{"start":{"line":123,"column":16},"end":{"line":130,"column":null}},"type":"cond-expr","locations":[{"start":{"line":123,"column":16},"end":{"line":130,"column":null}},{"start":{"line":134,"column":16},"end":{"line":141,"column":null}}]}},"s":{"0":1,"1":1,"2":1,"3":1,"4":1,"5":1,"6":1,"7":28,"8":28,"9":28,"10":10,"11":10,"12":1,"13":10,"14":28,"15":3,"16":6,"17":2,"18":1,"19":1,"20":2,"21":1,"22":2,"23":1,"24":1,"25":1,"26":1},"f":{"0":28,"1":10,"2":10,"3":3,"4":6,"5":2,"6":1,"7":1,"8":2,"9":1,"10":2,"11":1},"b":{"0":[1,9],"1":[20,8],"2":[20,8],"3":[8,20],"4":[8,20],"5":[20,8],"6":[20,8]}}
,"/Users/psd/Documents/HWConverter/Measurement.tsx": {"path":"/Users/psd/Documents/HWConverter/Measurement.tsx","statementMap":{"0":{"start":{"line":1,"column":0},"end":{"line":1,"column":26}},"1":{"start":{"line":2,"column":0},"end":{"line":2,"column":79}},"2":{"start":{"line":12,"column":2},"end":{"line":24,"column":4}},"3":{"start":{"line":11,"column":0},"end":{"line":11,"column":16}},"4":{"start":{"line":27,"column":15},"end":{"line":43,"column":2}}},"fnMap":{"0":{"name":"Measurement","decl":{"start":{"line":11,"column":16},"end":{"line":11,"column":27}},"loc":{"start":{"line":11,"column":75},"end":{"line":25,"column":1}}}},"branchMap":{"0":{"loc":{"start":{"line":15,"column":34},"end":{"line":15,"column":50}},"type":"cond-expr","locations":[{"start":{"line":15,"column":34},"end":{"line":15,"column":50}},{"start":{"line":15,"column":53},"end":{"line":15,"column":62}}]}},"s":{"0":1,"1":1,"2":76,"3":1,"4":1},"f":{"0":76},"b":{"0":[14,62]}}
,"/Users/psd/Documents/HWConverter/Reducer.ts": {"path":"/Users/psd/Documents/HWConverter/Reducer.ts","statementMap":{"0":{"start":{"line":1,"column":0},"end":{"line":1,"column":62}},"1":{"start":{"line":2,"column":0},"end":{"line":2,"column":62}},"2":{"start":{"line":4,"column":13},"end":{"line":11,"column":2}},"3":{"start":{"line":14,"column":2},"end":{"line":66,"column":null}},"4":{"start":{"line":16,"column":6},"end":{"line":16,"column":32}},"5":{"start":{"line":18,"column":6},"end":{"line":18,"column":28}},"6":{"start":{"line":20,"column":6},"end":{"line":23,"column":8}},"7":{"start":{"line":25,"column":21},"end":{"line":25,"column":35}},"8":{"start":{"line":26,"column":29},"end":{"line":26,"column":44}},"9":{"start":{"line":27,"column":6},"end":{"line":32,"column":8}},"10":{"start":{"line":35,"column":21},"end":{"line":35,"column":35}},"11":{"start":{"line":36,"column":24},"end":{"line":36,"column":38}},"12":{"start":{"line":37,"column":6},"end":{"line":37,"column":43}},"13":{"start":{"line":40,"column":19},"end":{"line":40,"column":33}},"14":{"start":{"line":41,"column":21},"end":{"line":41,"column":52}},"15":{"start":{"line":42,"column":6},"end":{"line":46,"column":8}},"16":{"start":{"line":49,"column":21},"end":{"line":49,"column":35}},"17":{"start":{"line":50,"column":21},"end":{"line":50,"column":52}},"18":{"start":{"line":51,"column":6},"end":{"line":55,"column":8}},"19":{"start":{"line":58,"column":24},"end":{"line":58,"column":38}},"20":{"start":{"line":59,"column":21},"end":{"line":59,"column":38}},"21":{"start":{"line":60,"column":6},"end":{"line":64,"column":8}},"22":{"start":{"line":13,"column":0},"end":{"line":13,"column":16}}},"fnMap":{"0":{"name":"reducer","decl":{"start":{"line":13,"column":16},"end":{"line":13,"column":23}},"loc":{"start":{"line":13,"column":64},"end":{"line":67,"column":1}}}},"branchMap":{"0":{"loc":{"start":{"line":15,"column":4},"end":{"line":16,"column":32}},"type":"switch","locations":[{"start":{"line":15,"column":4},"end":{"line":16,"column":32}},{"start":{"line":17,"column":4},"end":{"line":18,"column":28}},{"start":{"line":19,"column":4},"end":{"line":23,"column":8}},{"start":{"line":24,"column":4},"end":{"line":33,"column":null}},{"start":{"line":34,"column":4},"end":{"line":38,"column":null}},{"start":{"line":39,"column":4},"end":{"line":47,"column":null}},{"start":{"line":48,"column":4},"end":{"line":56,"column":null}},{"start":{"line":57,"column":4},"end":{"line":65,"column":null}}]}},"s":{"0":1,"1":1,"2":1,"3":18,"4":1,"5":1,"6":9,"7":1,"8":1,"9":1,"10":2,"11":2,"12":2,"13":2,"14":2,"15":2,"16":1,"17":1,"18":1,"19":1,"20":1,"21":1,"22":1},"f":{"0":18},"b":{"0":[1,1,9,1,2,2,1,1]}}
,"/Users/psd/Documents/HWConverter/Types.ts": {"path":"/Users/psd/Documents/HWConverter/Types.ts","statementMap":{"0":{"start":{"line":2,"column":0},"end":{"line":2,"column":null}},"1":{"start":{"line":3,"column":2},"end":{"line":3,"column":null}},"2":{"start":{"line":4,"column":2},"end":{"line":4,"column":null}},"3":{"start":{"line":7,"column":0},"end":{"line":7,"column":null}},"4":{"start":{"line":9,"column":2},"end":{"line":9,"column":null}},"5":{"start":{"line":10,"column":2},"end":{"line":10,"column":null}},"6":{"start":{"line":11,"column":2},"end":{"line":11,"column":null}},"7":{"start":{"line":13,"column":2},"end":{"line":13,"column":null}},"8":{"start":{"line":14,"column":2},"end":{"line":14,"column":null}},"9":{"start":{"line":34,"column":0},"end":{"line":34,"column":null}},"10":{"start":{"line":35,"column":2},"end":{"line":35,"column":null}},"11":{"start":{"line":36,"column":2},"end":{"line":36,"column":null}},"12":{"start":{"line":37,"column":2},"end":{"line":37,"column":null}},"13":{"start":{"line":38,"column":2},"end":{"line":38,"column":null}},"14":{"start":{"line":39,"column":2},"end":{"line":39,"column":null}},"15":{"start":{"line":40,"column":2},"end":{"line":40,"column":null}},"16":{"start":{"line":41,"column":2},"end":{"line":41,"column":null}},"17":{"start":{"line":42,"column":2},"end":{"line":42,"column":null}}},"fnMap":{"0":{"name":"(anonymous_0)","decl":{"start":{"line":2,"column":0},"end":{"line":2,"column":12}},"loc":{"start":{"line":2,"column":16},"end":{"line":5,"column":1}}},"1":{"name":"(anonymous_1)","decl":{"start":{"line":7,"column":0},"end":{"line":7,"column":12}},"loc":{"start":{"line":7,"column":17},"end":{"line":15,"column":1}}},"2":{"name":"(anonymous_2)","decl":{"start":{"line":34,"column":0},"end":{"line":34,"column":12}},"loc":{"start":{"line":34,"column":22},"end":{"line":43,"column":1}}}},"branchMap":{"0":{"loc":{"start":{"line":2,"column":12},"end":{"line":2,"column":16}},"type":"binary-expr","locations":[{"start":{"line":2,"column":12},"end":{"line":2,"column":16}},{"start":{"line":2,"column":12},"end":{"line":2,"column":null}}]},"1":{"loc":{"start":{"line":7,"column":12},"end":{"line":7,"column":17}},"type":"binary-expr","locations":[{"start":{"line":7,"column":12},"end":{"line":7,"column":17}},{"start":{"line":7,"column":12},"end":{"line":7,"column":null}}]},"2":{"loc":{"start":{"line":34,"column":12},"end":{"line":34,"column":22}},"type":"binary-expr","locations":[{"start":{"line":34,"column":12},"end":{"line":34,"column":22}},{"start":{"line":34,"column":12},"end":{"line":34,"column":null}}]}},"s":{"0":1,"1":1,"2":1,"3":1,"4":1,"5":1,"6":1,"7":1,"8":1,"9":1,"10":1,"11":1,"12":1,"13":1,"14":1,"15":1,"16":1,"17":1},"f":{"0":1,"1":1,"2":1},"b":{"0":[1,1],"1":[1,1],"2":[1,1]}}
,"/Users/psd/Documents/HWConverter/calculations.ts": {"path":"/Users/psd/Documents/HWConverter/calculations.ts","statementMap":{"0":{"start":{"line":2,"column":2},"end":{"line":2,"column":46}},"1":{"start":{"line":1,"column":0},"end":{"line":1,"column":16}},"2":{"start":{"line":6,"column":15},"end":{"line":6,"column":29}},"3":{"start":{"line":7,"column":2},"end":{"line":7,"column":69}},"4":{"start":{"line":5,"column":0},"end":{"line":5,"column":16}},"5":{"start":{"line":11,"column":2},"end":{"line":11,"column":46}},"6":{"start":{"line":10,"column":0},"end":{"line":10,"column":16}},"7":{"start":{"line":15,"column":2},"end":{"line":15,"column":48}},"8":{"start":{"line":14,"column":0},"end":{"line":14,"column":16}}},"fnMap":{"0":{"name":"inToM","decl":{"start":{"line":1,"column":16},"end":{"line":1,"column":21}},"loc":{"start":{"line":1,"column":36},"end":{"line":3,"column":1}}},"1":{"name":"mToFtIn","decl":{"start":{"line":5,"column":16},"end":{"line":5,"column":23}},"loc":{"start":{"line":5,"column":38},"end":{"line":8,"column":1}}},"2":{"name":"lbToKg","decl":{"start":{"line":10,"column":16},"end":{"line":10,"column":22}},"loc":{"start":{"line":10,"column":37},"end":{"line":12,"column":1}}},"3":{"name":"kgToLb","decl":{"start":{"line":14,"column":16},"end":{"line":14,"column":22}},"loc":{"start":{"line":14,"column":40},"end":{"line":16,"column":1}}}},"branchMap":{},"s":{"0":6,"1":1,"2":2,"3":2,"4":1,"5":3,"6":1,"7":2,"8":1},"f":{"0":6,"1":2,"2":3,"3":2},"b":{}}
}
