TN:
SF:App.tsx
FN:22,App
FN:26,(anonymous_8)
FN:27,getConverterState
FN:45,(anonymous_10)
FN:62,(anonymous_11)
FN:89,(anonymous_12)
FN:99,(anonymous_13)
FN:111,(anonymous_14)
FN:126,(anonymous_15)
FN:137,(anonymous_16)
FN:150,(anonymous_17)
FN:156,(anonymous_18)
FNF:12
FNH:12
FNDA:28,App
FNDA:10,(anonymous_8)
FNDA:10,getConverterState
FNDA:3,(anonymous_10)
FNDA:6,(anonymous_11)
FNDA:2,(anonymous_12)
FNDA:1,(anonymous_13)
FNDA:1,(anonymous_14)
FNDA:2,(anonymous_15)
FNDA:1,(anonymous_16)
FNDA:2,(anonymous_17)
FNDA:1,(anonymous_18)
DA:5,1
DA:6,1
DA:7,1
DA:16,1
DA:17,1
DA:18,1
DA:20,1
DA:22,1
DA:23,28
DA:24,28
DA:26,28
DA:28,10
DA:29,10
DA:30,1
DA:34,10
DA:37,28
DA:46,3
DA:63,6
DA:90,2
DA:100,1
DA:112,1
DA:127,2
DA:138,1
DA:151,2
DA:157,1
DA:158,1
DA:168,1
LF:27
LH:27
BRDA:29,0,0,1
BRDA:29,0,1,9
BRDA:50,1,0,20
BRDA:50,1,1,8
BRDA:54,2,0,20
BRDA:54,2,1,8
BRDA:67,3,0,8
BRDA:67,3,1,20
BRDA:71,4,0,8
BRDA:71,4,1,20
BRDA:85,5,0,20
BRDA:85,5,1,8
BRDA:123,6,0,20
BRDA:123,6,1,8
BRF:14
BRH:14
end_of_record
TN:
SF:Measurement.tsx
FN:11,Measurement
FNF:1
FNH:1
FNDA:76,Measurement
DA:1,1
DA:2,1
DA:11,1
DA:12,76
DA:27,1
LF:5
LH:5
BRDA:15,0,0,14
BRDA:15,0,1,62
BRF:2
BRH:2
end_of_record
TN:
SF:Reducer.ts
FN:13,reducer
FNF:1
FNH:1
FNDA:18,reducer
DA:1,1
DA:2,1
DA:4,1
DA:13,1
DA:14,18
DA:16,1
DA:18,1
DA:20,9
DA:25,1
DA:26,1
DA:27,1
DA:35,2
DA:36,2
DA:37,2
DA:40,2
DA:41,2
DA:42,2
DA:49,1
DA:50,1
DA:51,1
DA:58,1
DA:59,1
DA:60,1
LF:23
LH:23
BRDA:15,0,0,1
BRDA:15,0,1,1
BRDA:15,0,2,9
BRDA:15,0,3,1
BRDA:15,0,4,2
BRDA:15,0,5,2
BRDA:15,0,6,1
BRDA:15,0,7,1
BRF:8
BRH:8
end_of_record
TN:
SF:Types.ts
FN:2,(anonymous_0)
FN:7,(anonymous_1)
FN:34,(anonymous_2)
FNF:3
FNH:3
FNDA:1,(anonymous_0)
FNDA:1,(anonymous_1)
FNDA:1,(anonymous_2)
DA:2,1
DA:3,1
DA:4,1
DA:7,1
DA:9,1
DA:10,1
DA:11,1
DA:13,1
DA:14,1
DA:34,1
DA:35,1
DA:36,1
DA:37,1
DA:38,1
DA:39,1
DA:40,1
DA:41,1
DA:42,1
LF:18
LH:18
BRDA:2,0,0,1
BRDA:2,0,1,1
BRDA:7,1,0,1
BRDA:7,1,1,1
BRDA:34,2,0,1
BRDA:34,2,1,1
BRF:6
BRH:6
end_of_record
TN:
SF:calculations.ts
FN:1,inToM
FN:5,mToFtIn
FN:10,lbToKg
FN:14,kgToLb
FNF:4
FNH:4
FNDA:6,inToM
FNDA:2,mToFtIn
FNDA:3,lbToKg
FNDA:2,kgToLb
DA:1,1
DA:2,6
DA:5,1
DA:6,2
DA:7,2
DA:10,1
DA:11,3
DA:14,1
DA:15,2
LF:9
LH:9
BRF:0
BRH:0
end_of_record
